<?xml version="1.0" encoding="UTF-8"?>
<!-- Generated by org.testng.reporters.JUnitReportReporter -->
<testsuite hostname="LAPTOP-QJCHI5O5" failures="0" tests="2" name="MavenSeleniumProj.SeleniumTest" time="0.006" errors="0" timestamp="2020-03-20T17:09:17 EDT" skipped="0">
  <testcase classname="MavenSeleniumProj.SeleniumTest" name="BrowserAutomation" time="0.006"/>
  <testcase classname="MavenSeleniumProj.SeleniumTest" name="elemenestUI" time="0.000"/>
</testsuite> <!-- MavenSeleniumProj.SeleniumTest -->
