<?xml version="1.0" encoding="UTF-8"?>
<!-- Generated by org.testng.reporters.JUnitReportReporter -->
<testsuite hostname="LAPTOP-QJCHI5O5" failures="0" tests="2" name="MavenSeleniumProj.RestAPITest" time="0.000" errors="0" timestamp="2020-03-20T17:09:17 EDT" skipped="0">
  <testcase classname="MavenSeleniumProj.RestAPITest" name="twitterDelete" time="0.000"/>
  <testcase classname="MavenSeleniumProj.RestAPITest" name="postJIRA" time="0.000"/>
</testsuite> <!-- MavenSeleniumProj.RestAPITest -->
